ARM GAS  C:\Users\CHANTI~1\AppData\Local\Temp\ccpQmdPO.s 			page 1


   1              		.syntax unified
   2              		.cpu cortex-m3
   3              		.fpu softvfp
   4              		.eabi_attribute 20, 1
   5              		.eabi_attribute 21, 1
   6              		.eabi_attribute 23, 3
   7              		.eabi_attribute 24, 1
   8              		.eabi_attribute 25, 1
   9              		.eabi_attribute 26, 1
  10              		.eabi_attribute 30, 1
  11              		.eabi_attribute 34, 1
  12              		.eabi_attribute 18, 4
  13              		.thumb
  14              		.syntax unified
  15              		.file	"cymetadata.c"
  16              		.text
  17              	.Ltext0:
  18              		.cfi_sections	.debug_frame
  19              		.global	cy_metadata
  20              		.global	cy_meta_flashprotect
  21              		.global	cy_meta_wonvl
  22              		.global	cy_meta_custnvl
  23              		.global	cy_meta_configecc
  24              		.section	.cyconfigecc,"a",%progbits
  25              		.align	2
  26              		.type	cy_meta_configecc, %object
  27              		.size	cy_meta_configecc, 540
  28              	cy_meta_configecc:
  29 0000 01       		.byte	1
  30 0001 45       		.byte	69
  31 0002 00       		.byte	0
  32 0003 40       		.byte	64
  33 0004 05       		.byte	5
  34 0005 52       		.byte	82
  35 0006 00       		.byte	0
  36 0007 40       		.byte	64
  37 0008 04       		.byte	4
  38 0009 05       		.byte	5
  39 000a 01       		.byte	1
  40 000b 40       		.byte	64
  41 000c 02       		.byte	2
  42 000d 07       		.byte	7
  43 000e 01       		.byte	1
  44 000f 40       		.byte	64
  45 0010 02       		.byte	2
  46 0011 0B       		.byte	11
  47 0012 01       		.byte	1
  48 0013 40       		.byte	64
  49 0014 16       		.byte	22
  50 0015 15       		.byte	21
  51 0016 01       		.byte	1
  52 0017 40       		.byte	64
  53 0018 1C       		.byte	28
  54 0019 16       		.byte	22
  55 001a 01       		.byte	1
  56 001b 40       		.byte	64
  57 001c 33       		.byte	51
ARM GAS  C:\Users\CHANTI~1\AppData\Local\Temp\ccpQmdPO.s 			page 2


  58 001d 17       		.byte	23
  59 001e 01       		.byte	1
  60 001f 40       		.byte	64
  61 0020 03       		.byte	3
  62 0021 19       		.byte	25
  63 0022 01       		.byte	1
  64 0023 40       		.byte	64
  65 0024 01       		.byte	1
  66 0025 1B       		.byte	27
  67 0026 01       		.byte	1
  68 0027 40       		.byte	64
  69 0028 03       		.byte	3
  70 0029 40       		.byte	64
  71 002a 01       		.byte	1
  72 002b 40       		.byte	64
  73 002c 02       		.byte	2
  74 002d 41       		.byte	65
  75 002e 01       		.byte	1
  76 002f 40       		.byte	64
  77 0030 02       		.byte	2
  78 0031 42       		.byte	66
  79 0032 01       		.byte	1
  80 0033 40       		.byte	64
  81 0034 02       		.byte	2
  82 0035 43       		.byte	67
  83 0036 01       		.byte	1
  84 0037 40       		.byte	64
  85 0038 03       		.byte	3
  86 0039 45       		.byte	69
  87 003a 01       		.byte	1
  88 003b 40       		.byte	64
  89 003c 04       		.byte	4
  90 003d 46       		.byte	70
  91 003e 01       		.byte	1
  92 003f 40       		.byte	64
  93 0040 03       		.byte	3
  94 0041 47       		.byte	71
  95 0042 01       		.byte	1
  96 0043 40       		.byte	64
  97 0044 0C       		.byte	12
  98 0045 48       		.byte	72
  99 0046 01       		.byte	1
 100 0047 40       		.byte	64
 101 0048 1F       		.byte	31
 102 0049 49       		.byte	73
 103 004a 01       		.byte	1
 104 004b 40       		.byte	64
 105 004c 0B       		.byte	11
 106 004d 4C       		.byte	76
 107 004e 01       		.byte	1
 108 004f 40       		.byte	64
 109 0050 07       		.byte	7
 110 0051 4D       		.byte	77
 111 0052 01       		.byte	1
 112 0053 40       		.byte	64
 113 0054 02       		.byte	2
 114 0055 50       		.byte	80
ARM GAS  C:\Users\CHANTI~1\AppData\Local\Temp\ccpQmdPO.s 			page 3


 115 0056 01       		.byte	1
 116 0057 40       		.byte	64
 117 0058 01       		.byte	1
 118 0059 51       		.byte	81
 119 005a 01       		.byte	1
 120 005b 40       		.byte	64
 121 005c 7E       		.byte	126
 122 005d 02       		.byte	2
 123 005e 60       		.byte	96
 124 005f 28       		.byte	40
 125 0060 61       		.byte	97
 126 0061 30       		.byte	48
 127 0062 78       		.byte	120
 128 0063 29       		.byte	41
 129 0064 79       		.byte	121
 130 0065 3A       		.byte	58
 131 0066 7C       		.byte	124
 132 0067 40       		.byte	64
 133 0068 90       		.byte	-112
 134 0069 08       		.byte	8
 135 006a A0       		.byte	-96
 136 006b 02       		.byte	2
 137 006c B0       		.byte	-80
 138 006d 02       		.byte	2
 139 006e B4       		.byte	-76
 140 006f 04       		.byte	4
 141 0070 90       		.byte	-112
 142 0071 08       		.byte	8
 143 0072 A0       		.byte	-96
 144 0073 02       		.byte	2
 145 0074 EA       		.byte	-22
 146 0075 10       		.byte	16
 147 0076 EE       		.byte	-18
 148 0077 80       		.byte	-128
 149 0078 81       		.byte	-127
 150 0079 10       		.byte	16
 151 007a 83       		.byte	-125
 152 007b 10       		.byte	16
 153 007c 85       		.byte	-123
 154 007d 10       		.byte	16
 155 007e 88       		.byte	-120
 156 007f 22       		.byte	34
 157 0080 89       		.byte	-119
 158 0081 10       		.byte	16
 159 0082 8E       		.byte	-114
 160 0083 02       		.byte	2
 161 0084 95       		.byte	-107
 162 0085 30       		.byte	48
 163 0086 9C       		.byte	-100
 164 0087 02       		.byte	2
 165 0088 A0       		.byte	-96
 166 0089 20       		.byte	32
 167 008a A1       		.byte	-95
 168 008b 10       		.byte	16
 169 008c A6       		.byte	-90
 170 008d 02       		.byte	2
 171 008e A7       		.byte	-89
ARM GAS  C:\Users\CHANTI~1\AppData\Local\Temp\ccpQmdPO.s 			page 4


 172 008f 10       		.byte	16
 173 0090 AA       		.byte	-86
 174 0091 04       		.byte	4
 175 0092 AC       		.byte	-84
 176 0093 08       		.byte	8
 177 0094 B1       		.byte	-79
 178 0095 40       		.byte	64
 179 0096 B4       		.byte	-76
 180 0097 80       		.byte	-128
 181 0098 B5       		.byte	-75
 182 0099 02       		.byte	2
 183 009a B6       		.byte	-74
 184 009b 20       		.byte	32
 185 009c E0       		.byte	-32
 186 009d A0       		.byte	-96
 187 009e E4       		.byte	-28
 188 009f 10       		.byte	16
 189 00a0 E8       		.byte	-24
 190 00a1 50       		.byte	80
 191 00a2 EE       		.byte	-18
 192 00a3 60       		.byte	96
 193 00a4 02       		.byte	2
 194 00a5 02       		.byte	2
 195 00a6 13       		.byte	19
 196 00a7 01       		.byte	1
 197 00a8 16       		.byte	22
 198 00a9 04       		.byte	4
 199 00aa 27       		.byte	39
 200 00ab 02       		.byte	2
 201 00ac 2A       		.byte	42
 202 00ad 08       		.byte	8
 203 00ae 2E       		.byte	46
 204 00af 01       		.byte	1
 205 00b0 30       		.byte	48
 206 00b1 01       		.byte	1
 207 00b2 32       		.byte	50
 208 00b3 02       		.byte	2
 209 00b4 33       		.byte	51
 210 00b5 01       		.byte	1
 211 00b6 34       		.byte	52
 212 00b7 08       		.byte	8
 213 00b8 35       		.byte	53
 214 00b9 02       		.byte	2
 215 00ba 36       		.byte	54
 216 00bb 04       		.byte	4
 217 00bc 58       		.byte	88
 218 00bd 04       		.byte	4
 219 00be 59       		.byte	89
 220 00bf 04       		.byte	4
 221 00c0 5B       		.byte	91
 222 00c1 04       		.byte	4
 223 00c2 5F       		.byte	95
 224 00c3 01       		.byte	1
 225 00c4 86       		.byte	-122
 226 00c5 04       		.byte	4
 227 00c6 87       		.byte	-121
 228 00c7 01       		.byte	1
ARM GAS  C:\Users\CHANTI~1\AppData\Local\Temp\ccpQmdPO.s 			page 5


 229 00c8 AA       		.byte	-86
 230 00c9 01       		.byte	1
 231 00ca AE       		.byte	-82
 232 00cb 02       		.byte	2
 233 00cc B2       		.byte	-78
 234 00cd 01       		.byte	1
 235 00ce B4       		.byte	-76
 236 00cf 02       		.byte	2
 237 00d0 B6       		.byte	-74
 238 00d1 04       		.byte	4
 239 00d2 B7       		.byte	-73
 240 00d3 01       		.byte	1
 241 00d4 D8       		.byte	-40
 242 00d5 04       		.byte	4
 243 00d6 D9       		.byte	-39
 244 00d7 04       		.byte	4
 245 00d8 DB       		.byte	-37
 246 00d9 04       		.byte	4
 247 00da DF       		.byte	-33
 248 00db 01       		.byte	1
 249 00dc 02       		.byte	2
 250 00dd 20       		.byte	32
 251 00de 05       		.byte	5
 252 00df 02       		.byte	2
 253 00e0 0F       		.byte	15
 254 00e1 20       		.byte	32
 255 00e2 10       		.byte	16
 256 00e3 02       		.byte	2
 257 00e4 11       		.byte	17
 258 00e5 10       		.byte	16
 259 00e6 14       		.byte	20
 260 00e7 02       		.byte	2
 261 00e8 15       		.byte	21
 262 00e9 20       		.byte	32
 263 00ea 19       		.byte	25
 264 00eb 60       		.byte	96
 265 00ec 1B       		.byte	27
 266 00ed 08       		.byte	8
 267 00ee 1C       		.byte	28
 268 00ef 10       		.byte	16
 269 00f0 1E       		.byte	30
 270 00f1 80       		.byte	-128
 271 00f2 1F       		.byte	31
 272 00f3 50       		.byte	80
 273 00f4 22       		.byte	34
 274 00f5 40       		.byte	64
 275 00f6 27       		.byte	39
 276 00f7 28       		.byte	40
 277 00f8 2F       		.byte	47
 278 00f9 20       		.byte	32
 279 00fa 36       		.byte	54
 280 00fb 02       		.byte	2
 281 00fc 38       		.byte	56
 282 00fd 08       		.byte	8
 283 00fe 42       		.byte	66
 284 00ff 20       		.byte	32
 285 0100 43       		.byte	67
ARM GAS  C:\Users\CHANTI~1\AppData\Local\Temp\ccpQmdPO.s 			page 6


 286 0101 08       		.byte	8
 287 0102 59       		.byte	89
 288 0103 20       		.byte	32
 289 0104 5A       		.byte	90
 290 0105 80       		.byte	-128
 291 0106 5E       		.byte	94
 292 0107 82       		.byte	-126
 293 0108 5F       		.byte	95
 294 0109 28       		.byte	40
 295 010a 65       		.byte	101
 296 010b 40       		.byte	64
 297 010c 66       		.byte	102
 298 010d 20       		.byte	32
 299 010e 67       		.byte	103
 300 010f A0       		.byte	-96
 301 0110 68       		.byte	104
 302 0111 04       		.byte	4
 303 0112 6B       		.byte	107
 304 0113 01       		.byte	1
 305 0114 6C       		.byte	108
 306 0115 60       		.byte	96
 307 0116 6D       		.byte	109
 308 0117 A0       		.byte	-96
 309 0118 74       		.byte	116
 310 0119 88       		.byte	-120
 311 011a 76       		.byte	118
 312 011b 04       		.byte	4
 313 011c 77       		.byte	119
 314 011d 80       		.byte	-128
 315 011e 80       		.byte	-128
 316 011f 10       		.byte	16
 317 0120 82       		.byte	-126
 318 0121 01       		.byte	1
 319 0122 83       		.byte	-125
 320 0123 20       		.byte	32
 321 0124 87       		.byte	-121
 322 0125 80       		.byte	-128
 323 0126 88       		.byte	-120
 324 0127 04       		.byte	4
 325 0128 8B       		.byte	-117
 326 0129 01       		.byte	1
 327 012a 8C       		.byte	-116
 328 012b 40       		.byte	64
 329 012c 90       		.byte	-112
 330 012d 08       		.byte	8
 331 012e A0       		.byte	-96
 332 012f 02       		.byte	2
 333 0130 C0       		.byte	-64
 334 0131 14       		.byte	20
 335 0132 C2       		.byte	-62
 336 0133 20       		.byte	32
 337 0134 C4       		.byte	-60
 338 0135 C3       		.byte	-61
 339 0136 CA       		.byte	-54
 340 0137 40       		.byte	64
 341 0138 CC       		.byte	-52
 342 0139 80       		.byte	-128
ARM GAS  C:\Users\CHANTI~1\AppData\Local\Temp\ccpQmdPO.s 			page 7


 343 013a CE       		.byte	-50
 344 013b 02       		.byte	2
 345 013c D6       		.byte	-42
 346 013d FC       		.byte	-4
 347 013e D8       		.byte	-40
 348 013f F0       		.byte	-16
 349 0140 EE       		.byte	-18
 350 0141 0A       		.byte	10
 351 0142 E0       		.byte	-32
 352 0143 20       		.byte	32
 353 0144 E4       		.byte	-28
 354 0145 30       		.byte	48
 355 0146 EE       		.byte	-18
 356 0147 0A       		.byte	10
 357 0148 E4       		.byte	-28
 358 0149 20       		.byte	32
 359 014a 33       		.byte	51
 360 014b 80       		.byte	-128
 361 014c 36       		.byte	54
 362 014d 40       		.byte	64
 363 014e CC       		.byte	-52
 364 014f 30       		.byte	48
 365 0150 A6       		.byte	-90
 366 0151 40       		.byte	64
 367 0152 A7       		.byte	-89
 368 0153 80       		.byte	-128
 369 0154 A6       		.byte	-90
 370 0155 40       		.byte	64
 371 0156 A7       		.byte	-89
 372 0157 80       		.byte	-128
 373 0158 A6       		.byte	-90
 374 0159 40       		.byte	64
 375 015a A7       		.byte	-89
 376 015b 80       		.byte	-128
 377 015c 0A       		.byte	10
 378 015d 01       		.byte	1
 379 015e 0F       		.byte	15
 380 015f 20       		.byte	32
 381 0160 C2       		.byte	-62
 382 0161 06       		.byte	6
 383 0162 B2       		.byte	-78
 384 0163 01       		.byte	1
 385 0164 B7       		.byte	-73
 386 0165 10       		.byte	16
 387 0166 EA       		.byte	-22
 388 0167 08       		.byte	8
 389 0168 EE       		.byte	-18
 390 0169 01       		.byte	1
 391 016a 08       		.byte	8
 392 016b 08       		.byte	8
 393 016c 0F       		.byte	15
 394 016d 40       		.byte	64
 395 016e C2       		.byte	-62
 396 016f 0C       		.byte	12
 397 0170 52       		.byte	82
 398 0171 12       		.byte	18
 399 0172 55       		.byte	85
ARM GAS  C:\Users\CHANTI~1\AppData\Local\Temp\ccpQmdPO.s 			page 8


 400 0173 02       		.byte	2
 401 0174 56       		.byte	86
 402 0175 20       		.byte	32
 403 0176 81       		.byte	-127
 404 0177 40       		.byte	64
 405 0178 85       		.byte	-123
 406 0179 02       		.byte	2
 407 017a AE       		.byte	-82
 408 017b 40       		.byte	64
 409 017c AF       		.byte	-81
 410 017d 80       		.byte	-128
 411 017e D4       		.byte	-44
 412 017f E0       		.byte	-32
 413 0180 D6       		.byte	-42
 414 0181 20       		.byte	32
 415 0182 E2       		.byte	-30
 416 0183 40       		.byte	64
 417 0184 E4       		.byte	-28
 418 0185 20       		.byte	32
 419 0186 EE       		.byte	-18
 420 0187 50       		.byte	80
 421 0188 00       		.byte	0
 422 0189 08       		.byte	8
 423 018a 01       		.byte	1
 424 018b 40       		.byte	64
 425 018c 06       		.byte	6
 426 018d 82       		.byte	-126
 427 018e 09       		.byte	9
 428 018f 40       		.byte	64
 429 0190 0A       		.byte	10
 430 0191 80       		.byte	-128
 431 0192 0D       		.byte	13
 432 0193 80       		.byte	-128
 433 0194 0E       		.byte	14
 434 0195 20       		.byte	32
 435 0196 70       		.byte	112
 436 0197 08       		.byte	8
 437 0198 77       		.byte	119
 438 0199 80       		.byte	-128
 439 019a 81       		.byte	-127
 440 019b 80       		.byte	-128
 441 019c 83       		.byte	-125
 442 019d 80       		.byte	-128
 443 019e 85       		.byte	-123
 444 019f 40       		.byte	64
 445 01a0 88       		.byte	-120
 446 01a1 04       		.byte	4
 447 01a2 8A       		.byte	-118
 448 01a3 10       		.byte	16
 449 01a4 8E       		.byte	-114
 450 01a5 80       		.byte	-128
 451 01a6 95       		.byte	-107
 452 01a7 40       		.byte	64
 453 01a8 96       		.byte	-106
 454 01a9 80       		.byte	-128
 455 01aa 9E       		.byte	-98
 456 01ab 02       		.byte	2
ARM GAS  C:\Users\CHANTI~1\AppData\Local\Temp\ccpQmdPO.s 			page 9


 457 01ac A0       		.byte	-96
 458 01ad 08       		.byte	8
 459 01ae AA       		.byte	-86
 460 01af 02       		.byte	2
 461 01b0 AE       		.byte	-82
 462 01b1 10       		.byte	16
 463 01b2 B0       		.byte	-80
 464 01b3 08       		.byte	8
 465 01b4 B6       		.byte	-74
 466 01b5 62       		.byte	98
 467 01b6 C0       		.byte	-64
 468 01b7 F0       		.byte	-16
 469 01b8 C2       		.byte	-62
 470 01b9 F0       		.byte	-16
 471 01ba DC       		.byte	-36
 472 01bb 80       		.byte	-128
 473 01bc DE       		.byte	-34
 474 01bd 20       		.byte	32
 475 01be E0       		.byte	-32
 476 01bf 40       		.byte	64
 477 01c0 E2       		.byte	-30
 478 01c1 80       		.byte	-128
 479 01c2 E4       		.byte	-28
 480 01c3 80       		.byte	-128
 481 01c4 EA       		.byte	-22
 482 01c5 C0       		.byte	-64
 483 01c6 73       		.byte	115
 484 01c7 20       		.byte	32
 485 01c8 74       		.byte	116
 486 01c9 04       		.byte	4
 487 01ca 88       		.byte	-120
 488 01cb 04       		.byte	4
 489 01cc 8B       		.byte	-117
 490 01cd 20       		.byte	32
 491 01ce 8C       		.byte	-116
 492 01cf 08       		.byte	8
 493 01d0 AC       		.byte	-84
 494 01d1 08       		.byte	8
 495 01d2 AF       		.byte	-81
 496 01d3 40       		.byte	64
 497 01d4 DC       		.byte	-36
 498 01d5 01       		.byte	1
 499 01d6 DE       		.byte	-34
 500 01d7 04       		.byte	4
 501 01d8 E0       		.byte	-32
 502 01d9 04       		.byte	4
 503 01da E4       		.byte	-28
 504 01db 0C       		.byte	12
 505 01dc 71       		.byte	113
 506 01dd 08       		.byte	8
 507 01de 74       		.byte	116
 508 01df 08       		.byte	8
 509 01e0 89       		.byte	-119
 510 01e1 08       		.byte	8
 511 01e2 A0       		.byte	-96
 512 01e3 08       		.byte	8
 513 01e4 DC       		.byte	-36
ARM GAS  C:\Users\CHANTI~1\AppData\Local\Temp\ccpQmdPO.s 			page 10


 514 01e5 01       		.byte	1
 515 01e6 DE       		.byte	-34
 516 01e7 04       		.byte	4
 517 01e8 E4       		.byte	-28
 518 01e9 04       		.byte	4
 519 01ea 10       		.byte	16
 520 01eb 01       		.byte	1
 521 01ec 1A       		.byte	26
 522 01ed 01       		.byte	1
 523 01ee 00       		.byte	0
 524 01ef 0A       		.byte	10
 525 01f0 00       		.byte	0
 526 01f1 3C       		.byte	60
 527 01f2 3C       		.byte	60
 528 01f3 00       		.byte	0
 529 01f4 3C       		.byte	60
 530 01f5 00       		.byte	0
 531 01f6 00       		.byte	0
 532 01f7 00       		.byte	0
 533 01f8 40       		.byte	64
 534 01f9 00       		.byte	0
 535 01fa 00       		.byte	0
 536 01fb 3F       		.byte	63
 537 01fc 3F       		.byte	63
 538 01fd 00       		.byte	0
 539 01fe 3F       		.byte	63
 540 01ff 00       		.byte	0
 541 0200 C0       		.byte	-64
 542 0201 00       		.byte	0
 543 0202 00       		.byte	0
 544 0203 00       		.byte	0
 545 0204 00       		.byte	0
 546 0205 0B       		.byte	11
 547 0206 0B       		.byte	11
 548 0207 00       		.byte	0
 549 0208 00       		.byte	0
 550 0209 00       		.byte	0
 551 020a 00       		.byte	0
 552 020b 00       		.byte	0
 553 020c 60       		.byte	96
 554 020d 62       		.byte	98
 555 020e 02       		.byte	2
 556 020f 00       		.byte	0
 557 0210 00       		.byte	0
 558 0211 00       		.byte	0
 559 0212 00       		.byte	0
 560 0213 00       		.byte	0
 561 0214 FF       		.byte	-1
 562 0215 FF       		.byte	-1
 563 0216 00       		.byte	0
 564 0217 00       		.byte	0
 565 0218 00       		.byte	0
 566 0219 00       		.byte	0
 567 021a 00       		.byte	0
 568 021b 00       		.byte	0
 569              		.section	.cywolatch,"a",%progbits
 570              		.align	2
ARM GAS  C:\Users\CHANTI~1\AppData\Local\Temp\ccpQmdPO.s 			page 11


 571              		.type	cy_meta_wonvl, %object
 572              		.size	cy_meta_wonvl, 4
 573              	cy_meta_wonvl:
 574 0000 BC       		.byte	-68
 575 0001 90       		.byte	-112
 576 0002 AC       		.byte	-84
 577 0003 AF       		.byte	-81
 578              		.section	.cycustnvl,"a",%progbits
 579              		.align	2
 580              		.type	cy_meta_custnvl, %object
 581              		.size	cy_meta_custnvl, 4
 582              	cy_meta_custnvl:
 583 0000 00       		.byte	0
 584 0001 00       		.byte	0
 585 0002 40       		.byte	64
 586 0003 05       		.byte	5
 587              		.section	.cymeta,"a",%progbits
 588              		.align	2
 589              		.type	cy_metadata, %object
 590              		.size	cy_metadata, 12
 591              	cy_metadata:
 592 0000 00       		.byte	0
 593 0001 01       		.byte	1
 594 0002 2E       		.byte	46
 595 0003 16       		.byte	22
 596 0004 10       		.byte	16
 597 0005 69       		.byte	105
 598 0006 00       		.byte	0
 599 0007 01       		.byte	1
 600 0008 00       		.byte	0
 601 0009 00       		.byte	0
 602 000a 00       		.byte	0
 603 000b 00       		.byte	0
 604              		.section	.cyflashprotect,"a",%progbits
 605              		.align	2
 606              		.type	cy_meta_flashprotect, %object
 607              		.size	cy_meta_flashprotect, 256
 608              	cy_meta_flashprotect:
 609 0000 00000000 		.space	256
 609      00000000 
 609      00000000 
 609      00000000 
 609      00000000 
 610              		.text
 611              	.Letext0:
 612              		.file 1 "c:\\program files (x86)\\cypress\\psoc creator\\4.2\\psoc creator\\import\\gnu\\arm\\5.4.
 613              		.file 2 "c:\\program files (x86)\\cypress\\psoc creator\\4.2\\psoc creator\\import\\gnu\\arm\\5.4.
 614              		.file 3 "Generated_Source\\PSoC5\\cymetadata.c"
 615              		.section	.debug_info,"",%progbits
 616              	.Ldebug_info0:
 617 0000 31010000 		.4byte	0x131
 618 0004 0400     		.2byte	0x4
 619 0006 00000000 		.4byte	.Ldebug_abbrev0
 620 000a 04       		.byte	0x4
 621 000b 01       		.uleb128 0x1
 622 000c 24000000 		.4byte	.LASF17
 623 0010 0C       		.byte	0xc
ARM GAS  C:\Users\CHANTI~1\AppData\Local\Temp\ccpQmdPO.s 			page 12


 624 0011 DC010000 		.4byte	.LASF18
 625 0015 72010000 		.4byte	.LASF19
 626 0019 00000000 		.4byte	.Ldebug_line0
 627 001d 02       		.uleb128 0x2
 628 001e 01       		.byte	0x1
 629 001f 06       		.byte	0x6
 630 0020 D0010000 		.4byte	.LASF0
 631 0024 03       		.uleb128 0x3
 632 0025 00000000 		.4byte	.LASF9
 633 0029 01       		.byte	0x1
 634 002a 1D       		.byte	0x1d
 635 002b 2F000000 		.4byte	0x2f
 636 002f 02       		.uleb128 0x2
 637 0030 01       		.byte	0x1
 638 0031 08       		.byte	0x8
 639 0032 16000000 		.4byte	.LASF1
 640 0036 02       		.uleb128 0x2
 641 0037 02       		.byte	0x2
 642 0038 05       		.byte	0x5
 643 0039 5F010000 		.4byte	.LASF2
 644 003d 02       		.uleb128 0x2
 645 003e 02       		.byte	0x2
 646 003f 07       		.byte	0x7
 647 0040 C4000000 		.4byte	.LASF3
 648 0044 02       		.uleb128 0x2
 649 0045 04       		.byte	0x4
 650 0046 05       		.byte	0x5
 651 0047 69010000 		.4byte	.LASF4
 652 004b 02       		.uleb128 0x2
 653 004c 04       		.byte	0x4
 654 004d 07       		.byte	0x7
 655 004e B2000000 		.4byte	.LASF5
 656 0052 02       		.uleb128 0x2
 657 0053 08       		.byte	0x8
 658 0054 05       		.byte	0x5
 659 0055 51010000 		.4byte	.LASF6
 660 0059 02       		.uleb128 0x2
 661 005a 08       		.byte	0x8
 662 005b 07       		.byte	0x7
 663 005c 06010000 		.4byte	.LASF7
 664 0060 04       		.uleb128 0x4
 665 0061 04       		.byte	0x4
 666 0062 05       		.byte	0x5
 667 0063 696E7400 		.ascii	"int\000"
 668 0067 02       		.uleb128 0x2
 669 0068 04       		.byte	0x4
 670 0069 07       		.byte	0x7
 671 006a F9000000 		.4byte	.LASF8
 672 006e 03       		.uleb128 0x3
 673 006f 1D010000 		.4byte	.LASF10
 674 0073 02       		.byte	0x2
 675 0074 18       		.byte	0x18
 676 0075 24000000 		.4byte	0x24
 677 0079 05       		.uleb128 0x5
 678 007a 91000000 		.4byte	0x91
 679 007e 8A000000 		.4byte	0x8a
 680 0082 06       		.uleb128 0x6
ARM GAS  C:\Users\CHANTI~1\AppData\Local\Temp\ccpQmdPO.s 			page 13


 681 0083 8A000000 		.4byte	0x8a
 682 0087 1B02     		.2byte	0x21b
 683 0089 00       		.byte	0
 684 008a 02       		.uleb128 0x2
 685 008b 04       		.byte	0x4
 686 008c 07       		.byte	0x7
 687 008d 48010000 		.4byte	.LASF11
 688 0091 07       		.uleb128 0x7
 689 0092 6E000000 		.4byte	0x6e
 690 0096 08       		.uleb128 0x8
 691 0097 E7000000 		.4byte	.LASF12
 692 009b 03       		.byte	0x3
 693 009c 1F       		.byte	0x1f
 694 009d A7000000 		.4byte	0xa7
 695 00a1 05       		.uleb128 0x5
 696 00a2 03       		.byte	0x3
 697 00a3 00000000 		.4byte	cy_meta_configecc
 698 00a7 07       		.uleb128 0x7
 699 00a8 79000000 		.4byte	0x79
 700 00ac 05       		.uleb128 0x5
 701 00ad 91000000 		.4byte	0x91
 702 00b1 BC000000 		.4byte	0xbc
 703 00b5 09       		.uleb128 0x9
 704 00b6 8A000000 		.4byte	0x8a
 705 00ba 03       		.byte	0x3
 706 00bb 00       		.byte	0
 707 00bc 08       		.uleb128 0x8
 708 00bd D7000000 		.4byte	.LASF13
 709 00c1 03       		.byte	0x3
 710 00c2 70       		.byte	0x70
 711 00c3 CD000000 		.4byte	0xcd
 712 00c7 05       		.uleb128 0x5
 713 00c8 03       		.byte	0x3
 714 00c9 00000000 		.4byte	cy_meta_custnvl
 715 00cd 07       		.uleb128 0x7
 716 00ce AC000000 		.4byte	0xac
 717 00d2 08       		.uleb128 0x8
 718 00d3 3A010000 		.4byte	.LASF14
 719 00d7 03       		.byte	0x3
 720 00d8 7E       		.byte	0x7e
 721 00d9 E3000000 		.4byte	0xe3
 722 00dd 05       		.uleb128 0x5
 723 00de 03       		.byte	0x3
 724 00df 00000000 		.4byte	cy_meta_wonvl
 725 00e3 07       		.uleb128 0x7
 726 00e4 AC000000 		.4byte	0xac
 727 00e8 05       		.uleb128 0x5
 728 00e9 91000000 		.4byte	0x91
 729 00ed F8000000 		.4byte	0xf8
 730 00f1 09       		.uleb128 0x9
 731 00f2 8A000000 		.4byte	0x8a
 732 00f6 FF       		.byte	0xff
 733 00f7 00       		.byte	0
 734 00f8 08       		.uleb128 0x8
 735 00f9 25010000 		.4byte	.LASF15
 736 00fd 03       		.byte	0x3
 737 00fe 8C       		.byte	0x8c
ARM GAS  C:\Users\CHANTI~1\AppData\Local\Temp\ccpQmdPO.s 			page 14


 738 00ff 09010000 		.4byte	0x109
 739 0103 05       		.uleb128 0x5
 740 0104 03       		.byte	0x3
 741 0105 00000000 		.4byte	cy_meta_flashprotect
 742 0109 07       		.uleb128 0x7
 743 010a E8000000 		.4byte	0xe8
 744 010e 05       		.uleb128 0x5
 745 010f 91000000 		.4byte	0x91
 746 0113 1E010000 		.4byte	0x11e
 747 0117 09       		.uleb128 0x9
 748 0118 8A000000 		.4byte	0x8a
 749 011c 0B       		.byte	0xb
 750 011d 00       		.byte	0
 751 011e 08       		.uleb128 0x8
 752 011f 0A000000 		.4byte	.LASF16
 753 0123 03       		.byte	0x3
 754 0124 B9       		.byte	0xb9
 755 0125 2F010000 		.4byte	0x12f
 756 0129 05       		.uleb128 0x5
 757 012a 03       		.byte	0x3
 758 012b 00000000 		.4byte	cy_metadata
 759 012f 07       		.uleb128 0x7
 760 0130 0E010000 		.4byte	0x10e
 761 0134 00       		.byte	0
 762              		.section	.debug_abbrev,"",%progbits
 763              	.Ldebug_abbrev0:
 764 0000 01       		.uleb128 0x1
 765 0001 11       		.uleb128 0x11
 766 0002 01       		.byte	0x1
 767 0003 25       		.uleb128 0x25
 768 0004 0E       		.uleb128 0xe
 769 0005 13       		.uleb128 0x13
 770 0006 0B       		.uleb128 0xb
 771 0007 03       		.uleb128 0x3
 772 0008 0E       		.uleb128 0xe
 773 0009 1B       		.uleb128 0x1b
 774 000a 0E       		.uleb128 0xe
 775 000b 10       		.uleb128 0x10
 776 000c 17       		.uleb128 0x17
 777 000d 00       		.byte	0
 778 000e 00       		.byte	0
 779 000f 02       		.uleb128 0x2
 780 0010 24       		.uleb128 0x24
 781 0011 00       		.byte	0
 782 0012 0B       		.uleb128 0xb
 783 0013 0B       		.uleb128 0xb
 784 0014 3E       		.uleb128 0x3e
 785 0015 0B       		.uleb128 0xb
 786 0016 03       		.uleb128 0x3
 787 0017 0E       		.uleb128 0xe
 788 0018 00       		.byte	0
 789 0019 00       		.byte	0
 790 001a 03       		.uleb128 0x3
 791 001b 16       		.uleb128 0x16
 792 001c 00       		.byte	0
 793 001d 03       		.uleb128 0x3
 794 001e 0E       		.uleb128 0xe
ARM GAS  C:\Users\CHANTI~1\AppData\Local\Temp\ccpQmdPO.s 			page 15


 795 001f 3A       		.uleb128 0x3a
 796 0020 0B       		.uleb128 0xb
 797 0021 3B       		.uleb128 0x3b
 798 0022 0B       		.uleb128 0xb
 799 0023 49       		.uleb128 0x49
 800 0024 13       		.uleb128 0x13
 801 0025 00       		.byte	0
 802 0026 00       		.byte	0
 803 0027 04       		.uleb128 0x4
 804 0028 24       		.uleb128 0x24
 805 0029 00       		.byte	0
 806 002a 0B       		.uleb128 0xb
 807 002b 0B       		.uleb128 0xb
 808 002c 3E       		.uleb128 0x3e
 809 002d 0B       		.uleb128 0xb
 810 002e 03       		.uleb128 0x3
 811 002f 08       		.uleb128 0x8
 812 0030 00       		.byte	0
 813 0031 00       		.byte	0
 814 0032 05       		.uleb128 0x5
 815 0033 01       		.uleb128 0x1
 816 0034 01       		.byte	0x1
 817 0035 49       		.uleb128 0x49
 818 0036 13       		.uleb128 0x13
 819 0037 01       		.uleb128 0x1
 820 0038 13       		.uleb128 0x13
 821 0039 00       		.byte	0
 822 003a 00       		.byte	0
 823 003b 06       		.uleb128 0x6
 824 003c 21       		.uleb128 0x21
 825 003d 00       		.byte	0
 826 003e 49       		.uleb128 0x49
 827 003f 13       		.uleb128 0x13
 828 0040 2F       		.uleb128 0x2f
 829 0041 05       		.uleb128 0x5
 830 0042 00       		.byte	0
 831 0043 00       		.byte	0
 832 0044 07       		.uleb128 0x7
 833 0045 26       		.uleb128 0x26
 834 0046 00       		.byte	0
 835 0047 49       		.uleb128 0x49
 836 0048 13       		.uleb128 0x13
 837 0049 00       		.byte	0
 838 004a 00       		.byte	0
 839 004b 08       		.uleb128 0x8
 840 004c 34       		.uleb128 0x34
 841 004d 00       		.byte	0
 842 004e 03       		.uleb128 0x3
 843 004f 0E       		.uleb128 0xe
 844 0050 3A       		.uleb128 0x3a
 845 0051 0B       		.uleb128 0xb
 846 0052 3B       		.uleb128 0x3b
 847 0053 0B       		.uleb128 0xb
 848 0054 49       		.uleb128 0x49
 849 0055 13       		.uleb128 0x13
 850 0056 3F       		.uleb128 0x3f
 851 0057 19       		.uleb128 0x19
ARM GAS  C:\Users\CHANTI~1\AppData\Local\Temp\ccpQmdPO.s 			page 16


 852 0058 02       		.uleb128 0x2
 853 0059 18       		.uleb128 0x18
 854 005a 00       		.byte	0
 855 005b 00       		.byte	0
 856 005c 09       		.uleb128 0x9
 857 005d 21       		.uleb128 0x21
 858 005e 00       		.byte	0
 859 005f 49       		.uleb128 0x49
 860 0060 13       		.uleb128 0x13
 861 0061 2F       		.uleb128 0x2f
 862 0062 0B       		.uleb128 0xb
 863 0063 00       		.byte	0
 864 0064 00       		.byte	0
 865 0065 00       		.byte	0
 866              		.section	.debug_aranges,"",%progbits
 867 0000 14000000 		.4byte	0x14
 868 0004 0200     		.2byte	0x2
 869 0006 00000000 		.4byte	.Ldebug_info0
 870 000a 04       		.byte	0x4
 871 000b 00       		.byte	0
 872 000c 0000     		.2byte	0
 873 000e 0000     		.2byte	0
 874 0010 00000000 		.4byte	0
 875 0014 00000000 		.4byte	0
 876              		.section	.debug_line,"",%progbits
 877              	.Ldebug_line0:
 878 0000 3D010000 		.section	.debug_str,"MS",%progbits,1
 878      02003701 
 878      00000201 
 878      FB0E0D00 
 878      01010101 
 879              	.LASF9:
 880 0000 5F5F7569 		.ascii	"__uint8_t\000"
 880      6E74385F 
 880      7400
 881              	.LASF16:
 882 000a 63795F6D 		.ascii	"cy_metadata\000"
 882      65746164 
 882      61746100 
 883              	.LASF1:
 884 0016 756E7369 		.ascii	"unsigned char\000"
 884      676E6564 
 884      20636861 
 884      7200
 885              	.LASF17:
 886 0024 474E5520 		.ascii	"GNU C11 5.4.1 20160609 (release) [ARM/embedded-5-br"
 886      43313120 
 886      352E342E 
 886      31203230 
 886      31363036 
 887 0057 616E6368 		.ascii	"anch revision 237715] -mcpu=cortex-m3 -mthumb -g -O"
 887      20726576 
 887      6973696F 
 887      6E203233 
 887      37373135 
 888 008a 67202D66 		.ascii	"g -ffunction-sections -ffat-lto-objects\000"
 888      66756E63 
ARM GAS  C:\Users\CHANTI~1\AppData\Local\Temp\ccpQmdPO.s 			page 17


 888      74696F6E 
 888      2D736563 
 888      74696F6E 
 889              	.LASF5:
 890 00b2 6C6F6E67 		.ascii	"long unsigned int\000"
 890      20756E73 
 890      69676E65 
 890      6420696E 
 890      7400
 891              	.LASF3:
 892 00c4 73686F72 		.ascii	"short unsigned int\000"
 892      7420756E 
 892      7369676E 
 892      65642069 
 892      6E7400
 893              	.LASF13:
 894 00d7 63795F6D 		.ascii	"cy_meta_custnvl\000"
 894      6574615F 
 894      63757374 
 894      6E766C00 
 895              	.LASF12:
 896 00e7 63795F6D 		.ascii	"cy_meta_configecc\000"
 896      6574615F 
 896      636F6E66 
 896      69676563 
 896      6300
 897              	.LASF8:
 898 00f9 756E7369 		.ascii	"unsigned int\000"
 898      676E6564 
 898      20696E74 
 898      00
 899              	.LASF7:
 900 0106 6C6F6E67 		.ascii	"long long unsigned int\000"
 900      206C6F6E 
 900      6720756E 
 900      7369676E 
 900      65642069 
 901              	.LASF10:
 902 011d 75696E74 		.ascii	"uint8_t\000"
 902      385F7400 
 903              	.LASF15:
 904 0125 63795F6D 		.ascii	"cy_meta_flashprotect\000"
 904      6574615F 
 904      666C6173 
 904      6870726F 
 904      74656374 
 905              	.LASF14:
 906 013a 63795F6D 		.ascii	"cy_meta_wonvl\000"
 906      6574615F 
 906      776F6E76 
 906      6C00
 907              	.LASF11:
 908 0148 73697A65 		.ascii	"sizetype\000"
 908      74797065 
 908      00
 909              	.LASF6:
 910 0151 6C6F6E67 		.ascii	"long long int\000"
ARM GAS  C:\Users\CHANTI~1\AppData\Local\Temp\ccpQmdPO.s 			page 18


 910      206C6F6E 
 910      6720696E 
 910      7400
 911              	.LASF2:
 912 015f 73686F72 		.ascii	"short int\000"
 912      7420696E 
 912      7400
 913              	.LASF4:
 914 0169 6C6F6E67 		.ascii	"long int\000"
 914      20696E74 
 914      00
 915              	.LASF19:
 916 0172 433A5C55 		.ascii	"C:\\Users\\Chantilly Robotics\\Documents\\2020_Cont"
 916      73657273 
 916      5C436861 
 916      6E74696C 
 916      6C792052 
 917 01a1 726F6C5F 		.ascii	"rol_Scheme\\PSoC-2020\\2020-Control-Scheme.cydsn\000"
 917      53636865 
 917      6D655C50 
 917      536F432D 
 917      32303230 
 918              	.LASF0:
 919 01d0 7369676E 		.ascii	"signed char\000"
 919      65642063 
 919      68617200 
 920              	.LASF18:
 921 01dc 47656E65 		.ascii	"Generated_Source\\PSoC5\\cymetadata.c\000"
 921      72617465 
 921      645F536F 
 921      75726365 
 921      5C50536F 
 922              		.ident	"GCC: (GNU Tools for ARM Embedded Processors) 5.4.1 20160609 (release) [ARM/embedded-5-bran
